<?xml version="1.0" encoding="UTF-8"?>
<!-- Generated by org.testng.reporters.JUnitXMLReporter -->
<testsuite hostname="DESKTOP-POFN5K0" ignored="0" name="Default test" tests="3" failures="0" timestamp="01 Oct 2021 13:11:58 GMT" time="0.057" errors="0">
  <testcase name="printMsg1" time="0.012" classname="com.orangehrm.tests.SeleniumEasy"/>
  <testcase name="printMsg2" time="0.002" classname="com.orangehrm.tests.SeleniumEasy"/>
  <testcase name="printMsg3" time="0.002" classname="com.orangehrm.tests.SeleniumEasy"/>
</testsuite> <!-- Default test -->
