<?xml version="1.0" encoding="UTF-8"?>
<testng-results skipped="0" failed="0" ignored="0" total="3" passed="3">
  <reporter-output>
  </reporter-output>
  <suite name="Default suite" duration-ms="58" started-at="2021-10-01T17:52:13Z" finished-at="2021-10-01T17:52:13Z">
    <groups>
    </groups>
    <test name="Default test" duration-ms="58" started-at="2021-10-01T17:52:13Z" finished-at="2021-10-01T17:52:13Z">
      <class name="com.orangehrm.tests.SeleniumEasy">
        <test-method status="PASS" signature="printMsg1()[pri:0, instance:com.orangehrm.tests.SeleniumEasy@5ccddd20]" name="printMsg1" duration-ms="16" started-at="2021-10-01T17:52:13Z" finished-at="2021-10-01T17:52:13Z">
          <reporter-output>
          </reporter-output>
        </test-method> <!-- printMsg1 -->
        <test-method status="PASS" signature="printMsg2()[pri:0, instance:com.orangehrm.tests.SeleniumEasy@5ccddd20]" name="printMsg2" duration-ms="3" started-at="2021-10-01T17:52:13Z" finished-at="2021-10-01T17:52:13Z">
          <reporter-output>
          </reporter-output>
        </test-method> <!-- printMsg2 -->
        <test-method status="PASS" signature="printMsg3()[pri:0, instance:com.orangehrm.tests.SeleniumEasy@5ccddd20]" name="printMsg3" duration-ms="2" started-at="2021-10-01T17:52:13Z" finished-at="2021-10-01T17:52:13Z">
          <reporter-output>
          </reporter-output>
        </test-method> <!-- printMsg3 -->
      </class> <!-- com.orangehrm.tests.SeleniumEasy -->
    </test> <!-- Default test -->
  </suite> <!-- Default suite -->
</testng-results>
