<?xml version="1.0" encoding="UTF-8"?>
<!-- Generated by org.testng.reporters.JUnitXMLReporter -->
<testsuite hostname="DESKTOP-POFN5K0" ignored="0" name="Login Page Test" tests="8" failures="0" timestamp="01 Oct 2021 13:46:59 GMT" time="0.119" errors="0">
  <testcase name="myTest" time="0.013" classname="com.orangehrm.tests.dataprovidertest"/>
  <testcase name="myTest" time="0.006" classname="com.orangehrm.tests.dataprovidertest"/>
  <testcase name="myTest" time="0.006" classname="com.orangehrm.tests.dataprovidertest"/>
  <testcase name="myTest" time="0.005" classname="com.orangehrm.tests.dataprovidertest"/>
  <testcase name="myTest" time="0.003" classname="com.orangehrm.tests.dataprovidertest"/>
  <testcase name="myTest" time="0.002" classname="com.orangehrm.tests.dataprovidertest"/>
  <testcase name="myTest" time="0.007" classname="com.orangehrm.tests.dataprovidertest"/>
  <testcase name="myTest" time="0.007" classname="com.orangehrm.tests.dataprovidertest"/>
</testsuite> <!-- Login Page Test -->
